<?xml version="1.0" encoding="UTF-8"?>
<!-- Generated by org.testng.reporters.JUnitReportReporter -->
<testsuite hostname="DESKTOP-FLH9LGC" failures="0" tests="5" name="com.test.test" time="0.028" errors="0" timestamp="2022-03-28T14:42:00 IST" skipped="0">
  <testcase classname="com.test.test" name="e_method" time="0.002"/>
  <system-out/>
  <testcase classname="com.test.test" name="b_method" time="0.019"/>
  <system-out/>
  <testcase classname="com.test.test" name="c_method" time="0.002"/>
  <system-out/>
  <testcase classname="com.test.test" name="d_method" time="0.003"/>
  <system-out/>
  <testcase classname="com.test.test" name="a_method" time="0.002"/>
  <system-out/>
</testsuite> <!-- com.test.test -->
