<?xml version="1.0" encoding="UTF-8"?>
<!-- Generated by org.testng.reporters.JUnitReportReporter -->
<testsuite hostname="DESKTOP-FLH9LGC" failures="0" tests="1" name="com.test.Logintest" time="4.203" errors="0" timestamp="2022-03-28T20:47:14 IST" skipped="0">
  <testcase classname="com.test.Logintest" name="withoutUsername" time="4.203"/>
  <system-out/>
</testsuite> <!-- com.test.Logintest -->
